

============================== 2023-05-01 17:24:09.834022 | c2df202f-3d67-4897-a14c-d37bf5ef75a0 ==============================
[0m17:24:09.834022 [info ] [MainThread]: Running with dbt=1.4.5
[0m17:24:09.836210 [debug] [MainThread]: running dbt with arguments {'write_json': True, 'use_colors': True, 'printer_width': 80, 'version_check': True, 'partial_parse': True, 'static_parser': True, 'profiles_dir': '/home/vscode/.dbt', 'send_anonymous_usage_stats': True, 'quiet': False, 'no_print': False, 'cache_selected_only': False, 'skip_profile_setup': False, 'which': 'init', 'indirect_selection': 'eager'}
[0m17:24:09.836605 [debug] [MainThread]: Tracking: tracking
[0m17:24:09.841908 [debug] [MainThread]: Sending event: {'category': 'dbt', 'action': 'invocation', 'label': 'start', 'context': [<snowplow_tracker.self_describing_json.SelfDescribingJson object at 0x7f73c6d6fe80>, <snowplow_tracker.self_describing_json.SelfDescribingJson object at 0x7f73c6d6f280>, <snowplow_tracker.self_describing_json.SelfDescribingJson object at 0x7f73c6dc7af0>]}
[0m17:24:09.842568 [info ] [MainThread]: Creating dbt configuration folder at /home/vscode/.dbt
[0m17:24:24.971041 [debug] [MainThread]: Starter project path: /home/vscode/.local/lib/python3.10/site-packages/dbt/include/starter_project


============================== 2023-05-01 17:25:51.805105 | 06de3807-6e65-4f5c-a764-d25293ae188b ==============================
[0m17:25:51.805105 [info ] [MainThread]: Running with dbt=1.4.5
[0m17:25:51.806941 [debug] [MainThread]: running dbt with arguments {'write_json': True, 'use_colors': True, 'printer_width': 80, 'version_check': True, 'partial_parse': True, 'static_parser': True, 'profiles_dir': '/home/vscode/.dbt', 'send_anonymous_usage_stats': True, 'quiet': False, 'no_print': False, 'cache_selected_only': False, 'skip_profile_setup': False, 'which': 'init', 'indirect_selection': 'eager'}
[0m17:25:51.807288 [debug] [MainThread]: Tracking: tracking
[0m17:25:51.814130 [debug] [MainThread]: Sending event: {'category': 'dbt', 'action': 'invocation', 'label': 'start', 'context': [<snowplow_tracker.self_describing_json.SelfDescribingJson object at 0x7fa2f439b760>, <snowplow_tracker.self_describing_json.SelfDescribingJson object at 0x7fa2f43f3bb0>, <snowplow_tracker.self_describing_json.SelfDescribingJson object at 0x7fa2f43f3c70>]}
[0m17:26:11.463665 [debug] [MainThread]: Starter project path: /home/vscode/.local/lib/python3.10/site-packages/dbt/include/starter_project
[0m17:26:39.415291 [info ] [MainThread]: Profile coffee_shop_jeffek written to /home/vscode/.dbt/profiles.yml using target's profile_template.yml and your supplied values. Run 'dbt debug' to validate the connection.
[0m17:26:39.416212 [info ] [MainThread]: 
Your new dbt project "coffee_shop_jeffek" was created!

For more information on how to configure the profiles.yml file,
please consult the dbt documentation here:

  https://docs.getdbt.com/docs/configure-your-profile

One more thing:

Need help? Don't hesitate to reach out to us via GitHub issues or on Slack:

  https://community.getdbt.com/

Happy modeling!

[0m17:26:39.417152 [debug] [MainThread]: Sending event: {'category': 'dbt', 'action': 'invocation', 'label': 'end', 'context': [<snowplow_tracker.self_describing_json.SelfDescribingJson object at 0x7fa2f43f37c0>, <snowplow_tracker.self_describing_json.SelfDescribingJson object at 0x7fa2f27f15d0>, <snowplow_tracker.self_describing_json.SelfDescribingJson object at 0x7fa2f27f2320>]}
[0m17:26:39.417846 [debug] [MainThread]: Flushing usage events
